2019-05-13T17:41:14,412 | INFO  | sshd-SshServer[2ab8fb26]-nio2-thread-3 | LogAuditLoginModule              | 138 - org.apache.karaf.jaas.modules - 4.1.5 | Authentication attempt - karaf
2019-05-13T17:41:14,414 | INFO  | sshd-SshServer[2ab8fb26]-nio2-thread-3 | LogAuditLoginModule              | 138 - org.apache.karaf.jaas.modules - 4.1.5 | Authentication succeeded - karaf
2019-05-13T17:41:36,169 | INFO  | qtp1615025287-151 | LogAuditLoginModule              | 138 - org.apache.karaf.jaas.modules - 4.1.5 | Authentication attempt - karaf
2019-05-13T17:41:36,170 | INFO  | qtp1615025287-151 | LogAuditLoginModule              | 138 - org.apache.karaf.jaas.modules - 4.1.5 | Authentication succeeded - karaf
2019-05-13T17:47:22,894 | INFO  | qtp2079927998-100 | LogAuditLoginModule              | 138 - org.apache.karaf.jaas.modules - 4.1.5 | Authentication attempt - karaf
2019-05-13T17:47:22,896 | INFO  | qtp2079927998-100 | LogAuditLoginModule              | 138 - org.apache.karaf.jaas.modules - 4.1.5 | Authentication succeeded - karaf
2019-05-13T17:52:15,915 | INFO  | sshd-SshServer[7953e77f]-nio2-thread-3 | LogAuditLoginModule              | 138 - org.apache.karaf.jaas.modules - 4.1.5 | Authentication attempt - karaf
2019-05-13T17:52:15,916 | INFO  | sshd-SshServer[7953e77f]-nio2-thread-3 | LogAuditLoginModule              | 138 - org.apache.karaf.jaas.modules - 4.1.5 | Authentication succeeded - karaf
2019-05-13T17:53:12,666 | INFO  | qtp1839114768-109 | LogAuditLoginModule              | 138 - org.apache.karaf.jaas.modules - 4.1.5 | Authentication attempt - karaf
2019-05-13T17:53:12,669 | INFO  | qtp1839114768-109 | LogAuditLoginModule              | 138 - org.apache.karaf.jaas.modules - 4.1.5 | Authentication succeeded - karaf
2019-05-13T17:54:43,952 | INFO  | sshd-SshServer[2479cf0b]-nio2-thread-3 | LogAuditLoginModule              | 138 - org.apache.karaf.jaas.modules - 4.1.5 | Authentication attempt - karaf
2019-05-13T17:54:43,952 | INFO  | sshd-SshServer[2479cf0b]-nio2-thread-3 | LogAuditLoginModule              | 138 - org.apache.karaf.jaas.modules - 4.1.5 | Authentication succeeded - karaf
2019-05-13T17:54:59,326 | INFO  | sshd-SshServer[13e1e6e]-nio2-thread-4 | LogAuditLoginModule              | 138 - org.apache.karaf.jaas.modules - 4.1.5 | Authentication attempt - karaf
2019-05-13T17:54:59,327 | INFO  | sshd-SshServer[13e1e6e]-nio2-thread-4 | LogAuditLoginModule              | 138 - org.apache.karaf.jaas.modules - 4.1.5 | Authentication succeeded - karaf
2019-05-13T17:55:06,806 | INFO  | qtp1839114768-104 | LogAuditLoginModule              | 138 - org.apache.karaf.jaas.modules - 4.1.5 | Authentication attempt - karaf
2019-05-13T17:55:06,807 | INFO  | qtp1839114768-104 | LogAuditLoginModule              | 138 - org.apache.karaf.jaas.modules - 4.1.5 | Authentication succeeded - karaf
2019-05-13T17:58:29,967 | INFO  | sshd-SshServer[2249a627]-nio2-thread-4 | LogAuditLoginModule              | 138 - org.apache.karaf.jaas.modules - 4.1.5 | Authentication attempt - karaf
2019-05-13T17:58:29,968 | INFO  | sshd-SshServer[2249a627]-nio2-thread-4 | LogAuditLoginModule              | 138 - org.apache.karaf.jaas.modules - 4.1.5 | Authentication succeeded - karaf
2019-05-13T17:59:07,024 | INFO  | sshd-SshServer[2f72fef3]-nio2-thread-5 | LogAuditLoginModule              | 138 - org.apache.karaf.jaas.modules - 4.1.5 | Authentication attempt - karaf
2019-05-13T17:59:07,024 | INFO  | sshd-SshServer[2f72fef3]-nio2-thread-5 | LogAuditLoginModule              | 138 - org.apache.karaf.jaas.modules - 4.1.5 | Authentication succeeded - karaf
2019-05-13T18:07:04,287 | INFO  | sshd-SshServer[5b9566a7]-nio2-thread-3 | LogAuditLoginModule              | 138 - org.apache.karaf.jaas.modules - 4.1.5 | Authentication attempt - karaf
2019-05-13T18:07:04,290 | INFO  | sshd-SshServer[5b9566a7]-nio2-thread-3 | LogAuditLoginModule              | 138 - org.apache.karaf.jaas.modules - 4.1.5 | Authentication succeeded - karaf
2019-05-13T18:07:13,684 | INFO  | sshd-SshServer[4d559ace]-nio2-thread-5 | LogAuditLoginModule              | 138 - org.apache.karaf.jaas.modules - 4.1.5 | Authentication attempt - karaf
2019-05-13T18:07:13,685 | INFO  | sshd-SshServer[4d559ace]-nio2-thread-5 | LogAuditLoginModule              | 138 - org.apache.karaf.jaas.modules - 4.1.5 | Authentication succeeded - karaf
2019-05-13T18:07:24,546 | INFO  | qtp1016774065-93 | LogAuditLoginModule              | 138 - org.apache.karaf.jaas.modules - 4.1.5 | Authentication attempt - karaf
2019-05-13T18:07:24,547 | INFO  | qtp1016774065-93 | LogAuditLoginModule              | 138 - org.apache.karaf.jaas.modules - 4.1.5 | Authentication succeeded - karaf
2019-05-13T18:08:49,645 | INFO  | sshd-SshServer[6028916]-nio2-thread-4 | LogAuditLoginModule              | 138 - org.apache.karaf.jaas.modules - 4.1.5 | Authentication attempt - karaf
2019-05-13T18:08:49,645 | INFO  | sshd-SshServer[6028916]-nio2-thread-4 | LogAuditLoginModule              | 138 - org.apache.karaf.jaas.modules - 4.1.5 | Authentication succeeded - karaf
2019-05-13T18:12:08,580 | INFO  | sshd-SshServer[5eb8e7a7]-nio2-thread-4 | LogAuditLoginModule              | 138 - org.apache.karaf.jaas.modules - 4.1.5 | Authentication attempt - karaf
2019-05-13T18:12:08,580 | INFO  | sshd-SshServer[5eb8e7a7]-nio2-thread-4 | LogAuditLoginModule              | 138 - org.apache.karaf.jaas.modules - 4.1.5 | Authentication succeeded - karaf
2019-05-13T18:12:15,277 | INFO  | sshd-SshServer[373ad1bd]-nio2-thread-5 | LogAuditLoginModule              | 138 - org.apache.karaf.jaas.modules - 4.1.5 | Authentication attempt - karaf
2019-05-13T18:12:15,277 | INFO  | sshd-SshServer[373ad1bd]-nio2-thread-5 | LogAuditLoginModule              | 138 - org.apache.karaf.jaas.modules - 4.1.5 | Authentication succeeded - karaf
2019-05-13T18:20:27,150 | INFO  | sshd-SshServer[77a85618]-nio2-thread-3 | LogAuditLoginModule              | 138 - org.apache.karaf.jaas.modules - 4.1.5 | Authentication attempt - karaf
2019-05-13T18:20:27,153 | INFO  | sshd-SshServer[77a85618]-nio2-thread-3 | LogAuditLoginModule              | 138 - org.apache.karaf.jaas.modules - 4.1.5 | Authentication succeeded - karaf
2019-05-13T18:22:13,606 | INFO  | sshd-SshServer[8e79462]-nio2-thread-5 | LogAuditLoginModule              | 138 - org.apache.karaf.jaas.modules - 4.1.5 | Authentication attempt - karaf
2019-05-13T18:22:13,613 | INFO  | sshd-SshServer[8e79462]-nio2-thread-5 | LogAuditLoginModule              | 138 - org.apache.karaf.jaas.modules - 4.1.5 | Authentication succeeded - karaf
2019-05-13T18:22:38,094 | INFO  | sshd-SshServer[675394e8]-nio2-thread-5 | LogAuditLoginModule              | 138 - org.apache.karaf.jaas.modules - 4.1.5 | Authentication attempt - karaf
2019-05-13T18:22:38,094 | INFO  | sshd-SshServer[675394e8]-nio2-thread-5 | LogAuditLoginModule              | 138 - org.apache.karaf.jaas.modules - 4.1.5 | Authentication succeeded - karaf
2019-05-13T18:22:48,593 | INFO  | sshd-SshServer[675394e8]-nio2-thread-2 | LogAuditLoginModule              | 138 - org.apache.karaf.jaas.modules - 4.1.5 | Authentication attempt - karaf
2019-05-13T18:22:48,594 | INFO  | sshd-SshServer[675394e8]-nio2-thread-2 | LogAuditLoginModule              | 138 - org.apache.karaf.jaas.modules - 4.1.5 | Authentication succeeded - karaf
2019-05-13T18:24:01,449 | INFO  | sshd-SshServer[10cd107e]-nio2-thread-4 | LogAuditLoginModule              | 138 - org.apache.karaf.jaas.modules - 4.1.5 | Authentication attempt - karaf
2019-05-13T18:24:01,453 | INFO  | sshd-SshServer[10cd107e]-nio2-thread-4 | LogAuditLoginModule              | 138 - org.apache.karaf.jaas.modules - 4.1.5 | Authentication succeeded - karaf
2019-05-13T18:24:05,308 | INFO  | sshd-SshServer[43828976]-nio2-thread-3 | LogAuditLoginModule              | 138 - org.apache.karaf.jaas.modules - 4.1.5 | Authentication attempt - karaf
2019-05-13T18:24:05,308 | INFO  | sshd-SshServer[43828976]-nio2-thread-3 | LogAuditLoginModule              | 138 - org.apache.karaf.jaas.modules - 4.1.5 | Authentication succeeded - karaf
2019-05-13T18:24:57,971 | INFO  | sshd-SshServer[56735a57]-nio2-thread-5 | LogAuditLoginModule              | 138 - org.apache.karaf.jaas.modules - 4.1.5 | Authentication attempt - karaf
2019-05-13T18:24:57,982 | INFO  | sshd-SshServer[56735a57]-nio2-thread-5 | LogAuditLoginModule              | 138 - org.apache.karaf.jaas.modules - 4.1.5 | Authentication succeeded - karaf
2019-05-13T18:26:20,155 | INFO  | sshd-SshServer[56735a57]-nio2-thread-4 | LogAuditLoginModule              | 138 - org.apache.karaf.jaas.modules - 4.1.5 | Authentication attempt - karaf
2019-05-13T18:26:20,156 | INFO  | sshd-SshServer[56735a57]-nio2-thread-4 | LogAuditLoginModule              | 138 - org.apache.karaf.jaas.modules - 4.1.5 | Authentication succeeded - karaf
2019-05-13T18:32:16,020 | INFO  | sshd-SshServer[130db3c0]-nio2-thread-3 | LogAuditLoginModule              | 138 - org.apache.karaf.jaas.modules - 4.1.5 | Authentication attempt - karaf
2019-05-13T18:32:16,020 | INFO  | sshd-SshServer[130db3c0]-nio2-thread-3 | LogAuditLoginModule              | 138 - org.apache.karaf.jaas.modules - 4.1.5 | Authentication succeeded - karaf
2019-05-13T18:32:23,275 | INFO  | qtp2144243042-88 | LogAuditLoginModule              | 138 - org.apache.karaf.jaas.modules - 4.1.5 | Authentication attempt - karaf
2019-05-13T18:32:23,275 | INFO  | qtp2144243042-88 | LogAuditLoginModule              | 138 - org.apache.karaf.jaas.modules - 4.1.5 | Authentication succeeded - karaf
2019-05-13T18:33:10,531 | INFO  | sshd-SshServer[16e55d9f]-nio2-thread-3 | LogAuditLoginModule              | 138 - org.apache.karaf.jaas.modules - 4.1.5 | Authentication attempt - karaf
2019-05-13T18:33:10,534 | INFO  | sshd-SshServer[16e55d9f]-nio2-thread-3 | LogAuditLoginModule              | 138 - org.apache.karaf.jaas.modules - 4.1.5 | Authentication succeeded - karaf
2019-05-13T18:33:29,778 | INFO  | qtp1728478784-97 | LogAuditLoginModule              | 138 - org.apache.karaf.jaas.modules - 4.1.5 | Authentication attempt - karaf
2019-05-13T18:33:29,778 | INFO  | qtp1728478784-97 | LogAuditLoginModule              | 138 - org.apache.karaf.jaas.modules - 4.1.5 | Authentication succeeded - karaf
2019-05-13T18:34:26,499 | INFO  | sshd-SshServer[6d106515]-nio2-thread-1 | LogAuditLoginModule              | 138 - org.apache.karaf.jaas.modules - 4.1.5 | Authentication attempt - karaf
2019-05-13T18:34:26,500 | INFO  | sshd-SshServer[6d106515]-nio2-thread-1 | LogAuditLoginModule              | 138 - org.apache.karaf.jaas.modules - 4.1.5 | Authentication succeeded - karaf
2019-05-13T18:35:52,711 | INFO  | sshd-SshServer[595deebf]-nio2-thread-3 | LogAuditLoginModule              | 138 - org.apache.karaf.jaas.modules - 4.1.5 | Authentication attempt - karaf
2019-05-13T18:35:52,712 | INFO  | sshd-SshServer[595deebf]-nio2-thread-3 | LogAuditLoginModule              | 138 - org.apache.karaf.jaas.modules - 4.1.5 | Authentication succeeded - karaf
2019-05-13T18:37:11,940 | INFO  | qtp936259258-112 | LogAuditLoginModule              | 138 - org.apache.karaf.jaas.modules - 4.1.5 | Authentication attempt - karaf
2019-05-13T18:37:11,942 | INFO  | qtp936259258-112 | LogAuditLoginModule              | 138 - org.apache.karaf.jaas.modules - 4.1.5 | Authentication succeeded - karaf
2019-05-13T18:38:58,145 | INFO  | sshd-SshServer[588cb3fa]-nio2-thread-5 | LogAuditLoginModule              | 138 - org.apache.karaf.jaas.modules - 4.1.5 | Authentication attempt - karaf
2019-05-13T18:38:58,149 | INFO  | sshd-SshServer[588cb3fa]-nio2-thread-5 | LogAuditLoginModule              | 138 - org.apache.karaf.jaas.modules - 4.1.5 | Authentication succeeded - karaf
2019-05-13T18:39:03,006 | INFO  | sshd-SshServer[3ac48edf]-nio2-thread-3 | LogAuditLoginModule              | 138 - org.apache.karaf.jaas.modules - 4.1.5 | Authentication attempt - karaf
2019-05-13T18:39:03,007 | INFO  | sshd-SshServer[3ac48edf]-nio2-thread-3 | LogAuditLoginModule              | 138 - org.apache.karaf.jaas.modules - 4.1.5 | Authentication succeeded - karaf
2019-05-13T18:39:09,161 | INFO  | qtp2089621450-118 | LogAuditLoginModule              | 138 - org.apache.karaf.jaas.modules - 4.1.5 | Authentication attempt - karaf
2019-05-13T18:39:09,162 | INFO  | qtp2089621450-118 | LogAuditLoginModule              | 138 - org.apache.karaf.jaas.modules - 4.1.5 | Authentication succeeded - karaf
2019-05-13T18:39:55,672 | INFO  | sshd-SshServer[2805a537]-nio2-thread-1 | LogAuditLoginModule              | 138 - org.apache.karaf.jaas.modules - 4.1.5 | Authentication attempt - karaf
2019-05-13T18:39:55,673 | INFO  | sshd-SshServer[2805a537]-nio2-thread-1 | LogAuditLoginModule              | 138 - org.apache.karaf.jaas.modules - 4.1.5 | Authentication succeeded - karaf
2019-05-13T18:49:42,482 | INFO  | sshd-SshServer[e481605]-nio2-thread-3 | LogAuditLoginModule              | 138 - org.apache.karaf.jaas.modules - 4.1.5 | Authentication attempt - karaf
2019-05-13T18:49:42,485 | INFO  | sshd-SshServer[e481605]-nio2-thread-3 | LogAuditLoginModule              | 138 - org.apache.karaf.jaas.modules - 4.1.5 | Authentication succeeded - karaf
2019-05-13T18:50:14,438 | INFO  | qtp728782790-99  | LogAuditLoginModule              | 138 - org.apache.karaf.jaas.modules - 4.1.5 | Authentication attempt - karaf
2019-05-13T18:50:14,439 | INFO  | qtp728782790-99  | LogAuditLoginModule              | 138 - org.apache.karaf.jaas.modules - 4.1.5 | Authentication succeeded - karaf
2019-05-13T18:52:47,297 | INFO  | sshd-SshServer[7afe4b5a]-nio2-thread-5 | LogAuditLoginModule              | 138 - org.apache.karaf.jaas.modules - 4.1.5 | Authentication attempt - karaf
2019-05-13T18:52:47,299 | INFO  | sshd-SshServer[7afe4b5a]-nio2-thread-5 | LogAuditLoginModule              | 138 - org.apache.karaf.jaas.modules - 4.1.5 | Authentication succeeded - karaf
2019-05-13T18:55:19,739 | INFO  | sshd-SshServer[3943b3a0]-nio2-thread-3 | LogAuditLoginModule              | 138 - org.apache.karaf.jaas.modules - 4.1.5 | Authentication attempt - karaf
2019-05-13T18:55:19,741 | INFO  | sshd-SshServer[3943b3a0]-nio2-thread-3 | LogAuditLoginModule              | 138 - org.apache.karaf.jaas.modules - 4.1.5 | Authentication succeeded - karaf
2019-05-13T18:55:26,378 | INFO  | qtp1887155937-88 | LogAuditLoginModule              | 138 - org.apache.karaf.jaas.modules - 4.1.5 | Authentication attempt - karaf
2019-05-13T18:55:26,378 | INFO  | qtp1887155937-88 | LogAuditLoginModule              | 138 - org.apache.karaf.jaas.modules - 4.1.5 | Authentication succeeded - karaf
2019-05-13T18:58:02,420 | INFO  | sshd-SshServer[649e4193]-nio2-thread-2 | LogAuditLoginModule              | 138 - org.apache.karaf.jaas.modules - 4.1.5 | Authentication attempt - karaf
2019-05-13T18:58:02,421 | INFO  | sshd-SshServer[649e4193]-nio2-thread-2 | LogAuditLoginModule              | 138 - org.apache.karaf.jaas.modules - 4.1.5 | Authentication succeeded - karaf
2019-05-13T19:03:19,606 | INFO  | sshd-SshServer[7accb77f]-nio2-thread-1 | LogAuditLoginModule              | 138 - org.apache.karaf.jaas.modules - 4.1.5 | Authentication attempt - karaf
2019-05-13T19:03:19,607 | INFO  | sshd-SshServer[7accb77f]-nio2-thread-1 | LogAuditLoginModule              | 138 - org.apache.karaf.jaas.modules - 4.1.5 | Authentication succeeded - karaf
2019-05-13T19:08:32,927 | INFO  | sshd-SshServer[23a56e09]-nio2-thread-4 | LogAuditLoginModule              | 138 - org.apache.karaf.jaas.modules - 4.1.5 | Authentication attempt - karaf
2019-05-13T19:08:32,927 | INFO  | sshd-SshServer[23a56e09]-nio2-thread-4 | LogAuditLoginModule              | 138 - org.apache.karaf.jaas.modules - 4.1.5 | Authentication succeeded - karaf
2019-05-13T19:08:43,451 | INFO  | qtp446037837-79  | LogAuditLoginModule              | 138 - org.apache.karaf.jaas.modules - 4.1.5 | Authentication attempt - karaf
2019-05-13T19:08:43,452 | INFO  | qtp446037837-79  | LogAuditLoginModule              | 138 - org.apache.karaf.jaas.modules - 4.1.5 | Authentication succeeded - karaf
2019-05-13T19:10:37,499 | INFO  | sshd-SshServer[2b9f978d]-nio2-thread-5 | LogAuditLoginModule              | 138 - org.apache.karaf.jaas.modules - 4.1.5 | Authentication attempt - karaf
2019-05-13T19:10:37,499 | INFO  | sshd-SshServer[2b9f978d]-nio2-thread-5 | LogAuditLoginModule              | 138 - org.apache.karaf.jaas.modules - 4.1.5 | Authentication succeeded - karaf
2019-05-13T19:12:35,681 | INFO  | sshd-SshServer[2b9f978d]-nio2-thread-3 | LogAuditLoginModule              | 138 - org.apache.karaf.jaas.modules - 4.1.5 | Authentication attempt - karaf
2019-05-13T19:12:35,682 | INFO  | sshd-SshServer[2b9f978d]-nio2-thread-3 | LogAuditLoginModule              | 138 - org.apache.karaf.jaas.modules - 4.1.5 | Authentication succeeded - karaf
2019-05-14T01:04:16,607 | INFO  | sshd-SshServer[3fb42016]-nio2-thread-5 | LogAuditLoginModule              | 138 - org.apache.karaf.jaas.modules - 4.1.5 | Authentication attempt - karaf
2019-05-14T01:04:16,610 | INFO  | sshd-SshServer[3fb42016]-nio2-thread-5 | LogAuditLoginModule              | 138 - org.apache.karaf.jaas.modules - 4.1.5 | Authentication succeeded - karaf
2019-05-14T01:04:31,283 | INFO  | qtp1401525818-109 | LogAuditLoginModule              | 138 - org.apache.karaf.jaas.modules - 4.1.5 | Authentication attempt - karaf
2019-05-14T01:04:31,284 | INFO  | qtp1401525818-109 | LogAuditLoginModule              | 138 - org.apache.karaf.jaas.modules - 4.1.5 | Authentication succeeded - karaf
2019-05-14T01:35:09,671 | INFO  | sshd-SshServer[3fb42016]-nio2-thread-1 | LogAuditLoginModule              | 138 - org.apache.karaf.jaas.modules - 4.1.5 | Authentication attempt - karaf
2019-05-14T01:35:09,672 | INFO  | sshd-SshServer[3fb42016]-nio2-thread-1 | LogAuditLoginModule              | 138 - org.apache.karaf.jaas.modules - 4.1.5 | Authentication succeeded - karaf
2019-05-14T01:35:18,920 | INFO  | qtp1401525818-107 | LogAuditLoginModule              | 138 - org.apache.karaf.jaas.modules - 4.1.5 | Authentication attempt - karaf
2019-05-14T01:35:18,921 | INFO  | qtp1401525818-107 | LogAuditLoginModule              | 138 - org.apache.karaf.jaas.modules - 4.1.5 | Authentication succeeded - karaf
2019-05-14T01:48:00,492 | INFO  | sshd-SshServer[60db140]-nio2-thread-3 | LogAuditLoginModule              | 138 - org.apache.karaf.jaas.modules - 4.1.5 | Authentication attempt - karaf
2019-05-14T01:48:00,494 | INFO  | sshd-SshServer[60db140]-nio2-thread-3 | LogAuditLoginModule              | 138 - org.apache.karaf.jaas.modules - 4.1.5 | Authentication succeeded - karaf
2019-05-14T01:48:09,106 | INFO  | qtp629205002-114 | LogAuditLoginModule              | 138 - org.apache.karaf.jaas.modules - 4.1.5 | Authentication attempt - karaf
2019-05-14T01:48:09,107 | INFO  | qtp629205002-114 | LogAuditLoginModule              | 138 - org.apache.karaf.jaas.modules - 4.1.5 | Authentication succeeded - karaf
2019-05-14T01:59:28,305 | INFO  | sshd-SshServer[3c75eafa]-nio2-thread-3 | LogAuditLoginModule              | 138 - org.apache.karaf.jaas.modules - 4.1.5 | Authentication attempt - karaf
2019-05-14T01:59:28,307 | INFO  | sshd-SshServer[3c75eafa]-nio2-thread-3 | LogAuditLoginModule              | 138 - org.apache.karaf.jaas.modules - 4.1.5 | Authentication succeeded - karaf
2019-05-14T02:01:59,698 | INFO  | sshd-SshServer[1555abda]-nio2-thread-5 | LogAuditLoginModule              | 138 - org.apache.karaf.jaas.modules - 4.1.5 | Authentication attempt - karaf
2019-05-14T02:01:59,703 | INFO  | sshd-SshServer[1555abda]-nio2-thread-5 | LogAuditLoginModule              | 138 - org.apache.karaf.jaas.modules - 4.1.5 | Authentication succeeded - karaf
2019-05-14T02:02:30,521 | INFO  | sshd-SshServer[199a9c56]-nio2-thread-3 | LogAuditLoginModule              | 138 - org.apache.karaf.jaas.modules - 4.1.5 | Authentication attempt - karaf
2019-05-14T02:02:30,522 | INFO  | sshd-SshServer[199a9c56]-nio2-thread-3 | LogAuditLoginModule              | 138 - org.apache.karaf.jaas.modules - 4.1.5 | Authentication succeeded - karaf
2019-05-14T02:06:04,805 | INFO  | sshd-SshServer[f79ff7d]-nio2-thread-5 | LogAuditLoginModule              | 138 - org.apache.karaf.jaas.modules - 4.1.5 | Authentication attempt - karaf
2019-05-14T02:06:04,807 | INFO  | sshd-SshServer[f79ff7d]-nio2-thread-5 | LogAuditLoginModule              | 138 - org.apache.karaf.jaas.modules - 4.1.5 | Authentication succeeded - karaf
2019-05-14T02:17:19,833 | INFO  | sshd-SshServer[37229b25]-nio2-thread-3 | LogAuditLoginModule              | 138 - org.apache.karaf.jaas.modules - 4.1.5 | Authentication attempt - karaf
2019-05-14T02:17:19,835 | INFO  | sshd-SshServer[37229b25]-nio2-thread-3 | LogAuditLoginModule              | 138 - org.apache.karaf.jaas.modules - 4.1.5 | Authentication succeeded - karaf
2019-05-14T02:20:53,590 | INFO  | sshd-SshServer[7cc0af9a]-nio2-thread-5 | LogAuditLoginModule              | 138 - org.apache.karaf.jaas.modules - 4.1.5 | Authentication attempt - karaf
2019-05-14T02:20:53,593 | INFO  | sshd-SshServer[7cc0af9a]-nio2-thread-5 | LogAuditLoginModule              | 138 - org.apache.karaf.jaas.modules - 4.1.5 | Authentication succeeded - karaf
2019-05-14T02:26:39,159 | INFO  | sshd-SshServer[7b7b6320]-nio2-thread-4 | LogAuditLoginModule              | 138 - org.apache.karaf.jaas.modules - 4.1.5 | Authentication attempt - karaf
2019-05-14T02:26:39,162 | INFO  | sshd-SshServer[7b7b6320]-nio2-thread-4 | LogAuditLoginModule              | 138 - org.apache.karaf.jaas.modules - 4.1.5 | Authentication succeeded - karaf
2019-05-14T02:31:09,005 | INFO  | sshd-SshServer[868bd39]-nio2-thread-5 | LogAuditLoginModule              | 138 - org.apache.karaf.jaas.modules - 4.1.5 | Authentication attempt - karaf
2019-05-14T02:31:09,014 | INFO  | sshd-SshServer[868bd39]-nio2-thread-5 | LogAuditLoginModule              | 138 - org.apache.karaf.jaas.modules - 4.1.5 | Authentication succeeded - karaf
2019-05-14T02:33:49,292 | INFO  | sshd-SshServer[2bfe6c0c]-nio2-thread-5 | LogAuditLoginModule              | 138 - org.apache.karaf.jaas.modules - 4.1.5 | Authentication attempt - karaf
2019-05-14T02:33:49,292 | INFO  | sshd-SshServer[2bfe6c0c]-nio2-thread-5 | LogAuditLoginModule              | 138 - org.apache.karaf.jaas.modules - 4.1.5 | Authentication succeeded - karaf
2019-05-14T02:44:17,205 | INFO  | sshd-SshServer[77e88b0d]-nio2-thread-4 | LogAuditLoginModule              | 138 - org.apache.karaf.jaas.modules - 4.1.5 | Authentication attempt - karaf
2019-05-14T02:44:17,205 | INFO  | sshd-SshServer[77e88b0d]-nio2-thread-4 | LogAuditLoginModule              | 138 - org.apache.karaf.jaas.modules - 4.1.5 | Authentication succeeded - karaf
2019-05-14T02:46:36,888 | INFO  | sshd-SshServer[755b89e6]-nio2-thread-4 | LogAuditLoginModule              | 138 - org.apache.karaf.jaas.modules - 4.1.5 | Authentication attempt - karaf
2019-05-14T02:46:36,888 | INFO  | sshd-SshServer[755b89e6]-nio2-thread-4 | LogAuditLoginModule              | 138 - org.apache.karaf.jaas.modules - 4.1.5 | Authentication succeeded - karaf
2019-05-14T02:48:18,159 | INFO  | sshd-SshServer[25b147c7]-nio2-thread-4 | LogAuditLoginModule              | 138 - org.apache.karaf.jaas.modules - 4.1.5 | Authentication attempt - karaf
2019-05-14T02:48:18,159 | INFO  | sshd-SshServer[25b147c7]-nio2-thread-4 | LogAuditLoginModule              | 138 - org.apache.karaf.jaas.modules - 4.1.5 | Authentication succeeded - karaf
2019-05-14T02:51:01,006 | INFO  | sshd-SshServer[650c151a]-nio2-thread-3 | LogAuditLoginModule              | 138 - org.apache.karaf.jaas.modules - 4.1.5 | Authentication attempt - karaf
2019-05-14T02:51:01,006 | INFO  | sshd-SshServer[650c151a]-nio2-thread-3 | LogAuditLoginModule              | 138 - org.apache.karaf.jaas.modules - 4.1.5 | Authentication succeeded - karaf
2019-05-14T02:56:01,342 | INFO  | sshd-SshServer[43635a43]-nio2-thread-5 | LogAuditLoginModule              | 138 - org.apache.karaf.jaas.modules - 4.1.5 | Authentication attempt - karaf
2019-05-14T02:56:01,343 | INFO  | sshd-SshServer[43635a43]-nio2-thread-5 | LogAuditLoginModule              | 138 - org.apache.karaf.jaas.modules - 4.1.5 | Authentication succeeded - karaf
2019-05-14T02:58:41,039 | INFO  | sshd-SshServer[4738d6d6]-nio2-thread-3 | LogAuditLoginModule              | 138 - org.apache.karaf.jaas.modules - 4.1.5 | Authentication attempt - karaf
2019-05-14T02:58:41,039 | INFO  | sshd-SshServer[4738d6d6]-nio2-thread-3 | LogAuditLoginModule              | 138 - org.apache.karaf.jaas.modules - 4.1.5 | Authentication succeeded - karaf
2019-05-14T03:03:22,065 | INFO  | sshd-SshServer[55c2eae8]-nio2-thread-3 | LogAuditLoginModule              | 138 - org.apache.karaf.jaas.modules - 4.1.5 | Authentication attempt - karaf
2019-05-14T03:03:22,065 | INFO  | sshd-SshServer[55c2eae8]-nio2-thread-3 | LogAuditLoginModule              | 138 - org.apache.karaf.jaas.modules - 4.1.5 | Authentication succeeded - karaf
2019-05-14T03:07:31,540 | INFO  | sshd-SshServer[45bdb88a]-nio2-thread-5 | LogAuditLoginModule              | 138 - org.apache.karaf.jaas.modules - 4.1.5 | Authentication attempt - karaf
2019-05-14T03:07:31,541 | INFO  | sshd-SshServer[45bdb88a]-nio2-thread-5 | LogAuditLoginModule              | 138 - org.apache.karaf.jaas.modules - 4.1.5 | Authentication succeeded - karaf
2019-05-14T03:16:24,999 | INFO  | sshd-SshServer[6daf26a6]-nio2-thread-5 | LogAuditLoginModule              | 138 - org.apache.karaf.jaas.modules - 4.1.5 | Authentication attempt - karaf
2019-05-14T03:16:25,000 | INFO  | sshd-SshServer[6daf26a6]-nio2-thread-5 | LogAuditLoginModule              | 138 - org.apache.karaf.jaas.modules - 4.1.5 | Authentication succeeded - karaf
2019-05-14T03:20:36,307 | INFO  | sshd-SshServer[10a43946]-nio2-thread-1 | LogAuditLoginModule              | 138 - org.apache.karaf.jaas.modules - 4.1.5 | Authentication attempt - karaf
2019-05-14T03:20:36,308 | INFO  | sshd-SshServer[10a43946]-nio2-thread-1 | LogAuditLoginModule              | 138 - org.apache.karaf.jaas.modules - 4.1.5 | Authentication succeeded - karaf
2019-05-14T11:59:22,441 | INFO  | sshd-SshServer[380ddf1]-nio2-thread-5 | LogAuditLoginModule              | 138 - org.apache.karaf.jaas.modules - 4.1.5 | Authentication attempt - karaf
2019-05-14T11:59:22,449 | INFO  | sshd-SshServer[380ddf1]-nio2-thread-5 | LogAuditLoginModule              | 138 - org.apache.karaf.jaas.modules - 4.1.5 | Authentication succeeded - karaf
2019-05-14T12:02:17,257 | INFO  | qtp244302207-114 | LogAuditLoginModule              | 138 - org.apache.karaf.jaas.modules - 4.1.5 | Authentication attempt - karaf
2019-05-14T12:02:17,257 | INFO  | qtp244302207-114 | LogAuditLoginModule              | 138 - org.apache.karaf.jaas.modules - 4.1.5 | Authentication succeeded - karaf
2019-05-14T12:02:41,569 | INFO  | sshd-SshServer[40e4de1a]-nio2-thread-5 | LogAuditLoginModule              | 138 - org.apache.karaf.jaas.modules - 4.1.5 | Authentication attempt - karaf
2019-05-14T12:02:41,569 | INFO  | sshd-SshServer[40e4de1a]-nio2-thread-5 | LogAuditLoginModule              | 138 - org.apache.karaf.jaas.modules - 4.1.5 | Authentication succeeded - karaf
2019-05-14T12:03:22,340 | INFO  | sshd-SshServer[66153b3d]-nio2-thread-2 | LogAuditLoginModule              | 138 - org.apache.karaf.jaas.modules - 4.1.5 | Authentication attempt - karaf
2019-05-14T12:03:22,343 | INFO  | sshd-SshServer[66153b3d]-nio2-thread-2 | LogAuditLoginModule              | 138 - org.apache.karaf.jaas.modules - 4.1.5 | Authentication succeeded - karaf
2019-05-14T12:03:50,503 | INFO  | qtp1733746313-113 | LogAuditLoginModule              | 138 - org.apache.karaf.jaas.modules - 4.1.5 | Authentication attempt - karaf
2019-05-14T12:03:50,504 | INFO  | qtp1733746313-113 | LogAuditLoginModule              | 138 - org.apache.karaf.jaas.modules - 4.1.5 | Authentication succeeded - karaf
2019-05-15T09:14:32,338 | INFO  | sshd-SshServer[650417f7]-nio2-thread-3 | LogAuditLoginModule              | 138 - org.apache.karaf.jaas.modules - 4.1.5 | Authentication attempt - karaf
2019-05-15T09:14:32,357 | INFO  | sshd-SshServer[650417f7]-nio2-thread-3 | LogAuditLoginModule              | 138 - org.apache.karaf.jaas.modules - 4.1.5 | Authentication succeeded - karaf
2019-05-15T09:17:29,403 | INFO  | qtp1511763485-86 | LogAuditLoginModule              | 138 - org.apache.karaf.jaas.modules - 4.1.5 | Authentication attempt - karaf
2019-05-15T09:17:29,403 | INFO  | qtp1511763485-86 | LogAuditLoginModule              | 138 - org.apache.karaf.jaas.modules - 4.1.5 | Authentication succeeded - karaf
2019-05-15T09:27:51,240 | INFO  | sshd-SshServer[25ee1fde]-nio2-thread-5 | LogAuditLoginModule              | 138 - org.apache.karaf.jaas.modules - 4.1.5 | Authentication attempt - karaf
2019-05-15T09:27:51,243 | INFO  | sshd-SshServer[25ee1fde]-nio2-thread-5 | LogAuditLoginModule              | 138 - org.apache.karaf.jaas.modules - 4.1.5 | Authentication succeeded - karaf
2019-05-15T09:28:07,526 | INFO  | qtp1345305348-94 | LogAuditLoginModule              | 138 - org.apache.karaf.jaas.modules - 4.1.5 | Authentication attempt - karaf
2019-05-15T09:28:07,527 | INFO  | qtp1345305348-94 | LogAuditLoginModule              | 138 - org.apache.karaf.jaas.modules - 4.1.5 | Authentication succeeded - karaf
2019-05-15T09:28:44,838 | INFO  | sshd-SshServer[53f890fb]-nio2-thread-5 | LogAuditLoginModule              | 138 - org.apache.karaf.jaas.modules - 4.1.5 | Authentication attempt - karaf
2019-05-15T09:28:44,838 | INFO  | sshd-SshServer[53f890fb]-nio2-thread-5 | LogAuditLoginModule              | 138 - org.apache.karaf.jaas.modules - 4.1.5 | Authentication succeeded - karaf
2019-05-15T17:18:51,045 | INFO  | sshd-SshServer[76cf3673]-nio2-thread-5 | LogAuditLoginModule              | 138 - org.apache.karaf.jaas.modules - 4.1.5 | Authentication attempt - karaf
2019-05-15T17:18:51,048 | INFO  | sshd-SshServer[76cf3673]-nio2-thread-5 | LogAuditLoginModule              | 138 - org.apache.karaf.jaas.modules - 4.1.5 | Authentication succeeded - karaf
2019-05-15T17:19:04,507 | INFO  | qtp1348621364-87 | LogAuditLoginModule              | 138 - org.apache.karaf.jaas.modules - 4.1.5 | Authentication attempt - karaf
2019-05-15T17:19:04,507 | INFO  | qtp1348621364-87 | LogAuditLoginModule              | 138 - org.apache.karaf.jaas.modules - 4.1.5 | Authentication succeeded - karaf
